2024-12-31 16:05:03,472 - Starting VWAP bot.
2024-12-31 16:05:03,720 - Message sent to Telegram successfully.
2024-12-31 16:05:03,998 - RSI : 47.028154327424566
2024-12-31 16:06:04,272 - RSI : 50.095238095239104
2024-12-31 16:07:04,543 - RSI : 49.599245638850476
2024-12-31 16:08:04,819 - RSI : 58.867757629368505
2024-12-31 16:09:05,115 - RSI : 65.96534653465376
2024-12-31 16:10:05,391 - RSI : 67.32837055417767
2024-12-31 16:11:05,667 - RSI : 72.77097902097853
2024-12-31 16:12:05,958 - RSI : 73.97145256087366
2024-12-31 16:13:06,244 - RSI : 77.27078891258009
2024-12-31 16:14:06,520 - RSI : 77.45346869712371
2024-12-31 16:15:06,806 - RSI : 82.38153098420422
2024-12-31 16:16:07,087 - RSI : 82.29548229548246
2024-12-31 16:17:07,377 - RSI : 81.94271481942764
2024-12-31 16:18:07,667 - RSI : 86.63515255693972
2024-12-31 16:19:07,962 - RSI : 85.68139963167545
2024-12-31 16:20:08,251 - RSI : 96.40522875816798
2024-12-31 16:21:08,592 - RSI : 89.4659480646739
2024-12-31 16:22:08,937 - RSI : 81.48148148148059
2024-12-31 16:33:02,833 - LOT_SIZE for DOGEUSDT - Min Qty: 1.0, Max Qty: 9000000.0, Step Size: 1.0
2024-12-31 16:33:03,248 - Order placed: SELL 36.0 of DOGEUSDT. Order ID: 62058827200
2024-12-31 16:33:03,506 - Message sent to Telegram successfully.
2024-12-31 16:52:12,876 - Asset USDT not found in account balances.
2025-01-01 13:42:33,071 - Asset USDT not found in account balances.
